D:\ETUDES\EXERCICES\PROGRAMMATION_BACKUP\AP3.0\PIECEPROJET\PIECEPROJET\DEBUG\JOUEUR.OBJ
D:\ETUDES\EXERCICES\PROGRAMMATION_BACKUP\AP3.0\PIECEPROJET\PIECEPROJET\DEBUG\MAIN.OBJ
D:\ETUDES\EXERCICES\PROGRAMMATION_BACKUP\AP3.0\PIECEPROJET\PIECEPROJET\DEBUG\PIECE.OBJ
D:\ETUDES\EXERCICES\PROGRAMMATION_BACKUP\AP3.0\PIECEPROJET\PIECEPROJET\DEBUG\VC110.PDB
D:\ETUDES\EXERCICES\PROGRAMMATION_BACKUP\AP3.0\PIECEPROJET\DEBUG\PIECEPROJET.ILK
D:\ETUDES\EXERCICES\PROGRAMMATION_BACKUP\AP3.0\PIECEPROJET\DEBUG\PIECEPROJET.EXE
D:\ETUDES\EXERCICES\PROGRAMMATION_BACKUP\AP3.0\PIECEPROJET\DEBUG\PIECEPROJET.PDB
D:\ETUDES\EXERCICES\Programmation_backup\AP3.0\PieceProjet\PieceProjet\Debug\Joueur.obj
D:\ETUDES\EXERCICES\Programmation_backup\AP3.0\PieceProjet\PieceProjet\Debug\main.obj
D:\ETUDES\EXERCICES\Programmation_backup\AP3.0\PieceProjet\PieceProjet\Debug\Piece.obj
D:\ETUDES\EXERCICES\Programmation_backup\AP3.0\PieceProjet\PieceProjet\Debug\cl.command.1.tlog
D:\ETUDES\EXERCICES\Programmation_backup\AP3.0\PieceProjet\PieceProjet\Debug\CL.read.1.tlog
D:\ETUDES\EXERCICES\Programmation_backup\AP3.0\PieceProjet\PieceProjet\Debug\CL.write.1.tlog
D:\ETUDES\EXERCICES\Programmation_backup\AP3.0\PieceProjet\PieceProjet\Debug\link-cvtres.read.1.tlog
D:\ETUDES\EXERCICES\Programmation_backup\AP3.0\PieceProjet\PieceProjet\Debug\link-cvtres.write.1.tlog
D:\ETUDES\EXERCICES\Programmation_backup\AP3.0\PieceProjet\PieceProjet\Debug\link-rc.read.1.tlog
D:\ETUDES\EXERCICES\Programmation_backup\AP3.0\PieceProjet\PieceProjet\Debug\link-rc.write.1.tlog
D:\ETUDES\EXERCICES\Programmation_backup\AP3.0\PieceProjet\PieceProjet\Debug\link.command.1.tlog
D:\ETUDES\EXERCICES\Programmation_backup\AP3.0\PieceProjet\PieceProjet\Debug\link.read.1.tlog
D:\ETUDES\EXERCICES\Programmation_backup\AP3.0\PieceProjet\PieceProjet\Debug\link.write.1.tlog
D:\ETUDES\EXERCICES\Programmation_backup\AP3.0\PieceProjet\PieceProjet\Debug\vc110.idb
D:\ETUDES\EXERCICES\Programmation_backup\AP3.0\PieceProjet\PieceProjet\Debug\vc110.pdb
D:\ETUDES\EXERCICES\Programmation_backup\AP3.0\PieceProjet\Debug\PieceProjet.pdb
D:\ETUDES\EXERCICES\Programmation_backup\AP3.0\PieceProjet\Debug\PieceProjet.exe
D:\ETUDES\EXERCICES\Programmation_backup\AP3.0\PieceProjet\Debug\PieceProjet.ilk
